Using pre-set license
Built from '2020.3/staging' branch; Version is '2020.3.19f1 (68f137dc9bbe) revision 6877495'; Using compiler version '192528614'; Build Type 'Release'
OS: 'Windows 10 Enterprise; OS build 19044.1348; Version 2009; 64bit' Language: 'fr' Physical Memory: 16197 MB
BatchMode: 1, IsHumanControllingUs: 0, StartBugReporterOnCrash: 0, Is64bit: 1, IsPro: 0

COMMAND LINE ARGUMENTS:
C:\Program Files\Unity\Hub\Editor\2020.3.19f1\Editor\Unity.exe
-adb2
-batchMode
-noUpm
-name
AssetImportWorker0
-projectPath
C:/Programmation/Unity Project/Ynov/YNOVB3P1
-logFile
Logs/AssetImportWorker0.log
-srvPort
61824
Successfully changed project path to: C:/Programmation/Unity Project/Ynov/YNOVB3P1
C:/Programmation/Unity Project/Ynov/YNOVB3P1
Using Asset Import Pipeline V2.
Refreshing native plugins compatible for Editor in 51.63 ms, found 2 plugins.
Preloading 0 native plugins for Editor in 0.00 ms.
Initialize engine version: 2020.3.19f1 (68f137dc9bbe)
[Subsystems] Discovering subsystems at path C:/Program Files/Unity/Hub/Editor/2020.3.19f1/Editor/Data/Resources/UnitySubsystems
[Subsystems] Discovering subsystems at path C:/Programmation/Unity Project/Ynov/YNOVB3P1/Assets
GfxDevice: creating device client; threaded=0
Direct3D:
    Version:  Direct3D 11.0 [level 11.1]
    Renderer: NVIDIA GeForce RTX 2070 (ID=0x1f14)
    Vendor:   
    VRAM:     8031 MB
    Driver:   30.0.14.9676
Initialize mono
Mono path[0] = 'C:/Program Files/Unity/Hub/Editor/2020.3.19f1/Editor/Data/Managed'
Mono path[1] = 'C:/Program Files/Unity/Hub/Editor/2020.3.19f1/Editor/Data/MonoBleedingEdge/lib/mono/unityjit'
Mono config path = 'C:/Program Files/Unity/Hub/Editor/2020.3.19f1/Editor/Data/MonoBleedingEdge/etc'
Using monoOptions --debugger-agent=transport=dt_socket,embedding=1,server=y,suspend=n,address=127.0.0.1:56084
Begin MonoManager ReloadAssembly
Registering precompiled unity dll's ...
Register platform support module: C:/Program Files/Unity/Hub/Editor/2020.3.19f1/Editor/Data/PlaybackEngines/WindowsStandaloneSupport/UnityEditor.WindowsStandalone.Extensions.dll
Registered in 0.003141 seconds.
Native extension for WindowsStandalone target not found
Refreshing native plugins compatible for Editor in 45.16 ms, found 2 plugins.
Preloading 0 native plugins for Editor in 0.00 ms.
Mono: successfully reloaded assembly
- Completed reload, in  1.737 seconds
Domain Reload Profiling:
	ReloadAssembly (1738ms)
		BeginReloadAssembly (90ms)
			ExecutionOrderSort (0ms)
			DisableScriptedObjects (0ms)
			BackupInstance (0ms)
			ReleaseScriptingObjects (0ms)
			CreateAndSetChildDomain (1ms)
		EndReloadAssembly (713ms)
			LoadAssemblies (86ms)
			RebuildTransferFunctionScriptingTraits (0ms)
			SetupTypeCache (270ms)
			ReleaseScriptCaches (0ms)
			RebuildScriptCaches (50ms)
			SetupLoadedEditorAssemblies (275ms)
				LogAssemblyErrors (0ms)
				InitializePlatformSupportModulesInManaged (6ms)
				SetLoadedEditorAssemblies (0ms)
				RefreshPlugins (45ms)
				BeforeProcessingInitializeOnLoad (22ms)
				ProcessInitializeOnLoadAttributes (147ms)
				ProcessInitializeOnLoadMethodAttributes (53ms)
				AfterProcessingInitializeOnLoad (0ms)
				EditorAssembliesLoaded (0ms)
			ExecutionOrderSort2 (0ms)
			AwakeInstancesAfterBackupRestoration (0ms)
Platform modules already initialized, skipping
Registering precompiled user dll's ...
Registered in 0.004755 seconds.
Begin MonoManager ReloadAssembly
Native extension for WindowsStandalone target not found
Refreshing native plugins compatible for Editor in 0.58 ms, found 2 plugins.
Preloading 0 native plugins for Editor in 0.00 ms.
Mono: successfully reloaded assembly
- Completed reload, in  1.654 seconds
Domain Reload Profiling:
	ReloadAssembly (1655ms)
		BeginReloadAssembly (232ms)
			ExecutionOrderSort (0ms)
			DisableScriptedObjects (7ms)
			BackupInstance (0ms)
			ReleaseScriptingObjects (0ms)
			CreateAndSetChildDomain (27ms)
		EndReloadAssembly (1318ms)
			LoadAssemblies (135ms)
			RebuildTransferFunctionScriptingTraits (0ms)
			SetupTypeCache (448ms)
			ReleaseScriptCaches (1ms)
			RebuildScriptCaches (72ms)
			SetupLoadedEditorAssemblies (497ms)
				LogAssemblyErrors (0ms)
				InitializePlatformSupportModulesInManaged (10ms)
				SetLoadedEditorAssemblies (1ms)
				RefreshPlugins (1ms)
				BeforeProcessingInitializeOnLoad (146ms)
				ProcessInitializeOnLoadAttributes (316ms)
				ProcessInitializeOnLoadMethodAttributes (8ms)
				AfterProcessingInitializeOnLoad (14ms)
				EditorAssembliesLoaded (1ms)
			ExecutionOrderSort2 (0ms)
			AwakeInstancesAfterBackupRestoration (12ms)
Platform modules already initialized, skipping
========================================================================
Worker process is ready to serve import requests
Launched and connected shader compiler UnityShaderCompiler.exe after 0.15 seconds
Refreshing native plugins compatible for Editor in 0.65 ms, found 2 plugins.
Preloading 0 native plugins for Editor in 0.00 ms.
Unloading 1397 Unused Serialized files (Serialized files now loaded: 0)
System memory in use before: 64.9 MB.
System memory in use after: 64.9 MB.

Unloading 16 unused Assets to reduce memory usage. Loaded Objects now: 1832.
Total: 4.603300 ms (FindLiveObjects: 0.236300 ms CreateObjectMapping: 0.087700 ms MarkObjects: 4.181800 ms  DeleteObjects: 0.095700 ms)

AssetImportParameters requested are different than current active one (requested -> active):
  custom:framework-win-MediaFoundation: 216162199b28c13a410421893ffa2e32 -> 
  custom:video-decoder-ogg-theora: a1e56fd34408186e4bbccfd4996cb3dc -> 
  custom:container-muxer-webm: aa71ff27fc2769a1b78a27578f13a17b -> 
  custom:container-demuxer-webm: 4f35f7cbe854078d1ac9338744f61a02 -> 
  custom:container-demuxer-ogg: 62fdf1f143b41e24485cea50d1cbac27 -> 
  custom:video-encoder-webm-vp8: eb34c28f22e8b96e1ab97ce403110664 -> 
  custom:video-decoder-webm-vp8: 9c59270c3fd7afecdb556c50c9e8de78 -> 
  custom:audio-decoder-ogg-vorbis: bf7c407c2cedff20999df2af8eb42d56 -> 
  custom:audio-encoder-webm-vorbis: bf7c407c2cedff20999df2af8eb42d56 -> 
========================================================================
Received Import Request.
  path: Assets/Map
  artifactKey: Guid(4a541cc520e87ec4996b716833aed257) Importer(815301076,1909f56bfc062723c751e8b465ee728b)
Start importing Assets/Map using Guid(4a541cc520e87ec4996b716833aed257) Importer(815301076,1909f56bfc062723c751e8b465ee728b)  -> (artifact id: '34fcbe3ca610005eac2429078ff85bda') in 0.013352 seconds 
  Import took 0.016584 seconds .

========================================================================
Received Import Request.
  Time since last request: 7.829478 seconds.
  path: Assets/Map/Support
  artifactKey: Guid(d7db98511a1112642b4f30bb730ec1b2) Importer(815301076,1909f56bfc062723c751e8b465ee728b)
Start importing Assets/Map/Support using Guid(d7db98511a1112642b4f30bb730ec1b2) Importer(815301076,1909f56bfc062723c751e8b465ee728b)  -> (artifact id: '91e5c33d8b670afd894f039b3cc2ba99') in 0.011123 seconds 
  Import took 0.014498 seconds .

========================================================================
Received Import Request.
  Time since last request: 37.679437 seconds.
  path: Assets/Map/Support/ColorSupport.mat
  artifactKey: Guid(9e4a1877fa514e24a9bbb1e47c63d0b0) Importer(815301076,1909f56bfc062723c751e8b465ee728b)
Start importing Assets/Map/Support/ColorSupport.mat using Guid(9e4a1877fa514e24a9bbb1e47c63d0b0) Importer(815301076,1909f56bfc062723c751e8b465ee728b)  -> (artifact id: '576242083a7a97868e516d923bce3600') in 0.198509 seconds 
  Import took 0.201825 seconds .

========================================================================
Received Import Request.
  Time since last request: 187.985195 seconds.
  path: Assets/Map/Wall
  artifactKey: Guid(7581db96629d44240bc8ea4523e16359) Importer(815301076,1909f56bfc062723c751e8b465ee728b)
Start importing Assets/Map/Wall using Guid(7581db96629d44240bc8ea4523e16359) Importer(815301076,1909f56bfc062723c751e8b465ee728b)  -> (artifact id: '6014ee5186163f93381d2dcf8c3f83ff') in 0.010220 seconds 
  Import took 0.014489 seconds .

========================================================================
Received Import Request.
  Time since last request: 77.373312 seconds.
  path: Assets/Map/Wall/ColorWall.mat
  artifactKey: Guid(0a3112bf3e84b264eaae139ce871e2ce) Importer(815301076,1909f56bfc062723c751e8b465ee728b)
Start importing Assets/Map/Wall/ColorWall.mat using Guid(0a3112bf3e84b264eaae139ce871e2ce) Importer(815301076,1909f56bfc062723c751e8b465ee728b)  -> (artifact id: '5d5921bd67efcfaa27f509ddd69eaab9') in 0.021960 seconds 
  Import took 0.025350 seconds .

========================================================================
Received Import Request.
  Time since last request: 440.911356 seconds.
  path: Assets/Map/Ground
  artifactKey: Guid(d7db98511a1112642b4f30bb730ec1b2) Importer(815301076,1909f56bfc062723c751e8b465ee728b)
Start importing Assets/Map/Ground using Guid(d7db98511a1112642b4f30bb730ec1b2) Importer(815301076,1909f56bfc062723c751e8b465ee728b)  -> (artifact id: '2f0868d0afceb608a4e68887a0621502') in 0.011114 seconds 
  Import took 0.015412 seconds .

========================================================================
Received Import Request.
  Time since last request: 7.493029 seconds.
  path: Assets/Map/Ground/ColorGround.mat
  artifactKey: Guid(9e4a1877fa514e24a9bbb1e47c63d0b0) Importer(815301076,1909f56bfc062723c751e8b465ee728b)
Start importing Assets/Map/Ground/ColorGround.mat using Guid(9e4a1877fa514e24a9bbb1e47c63d0b0) Importer(815301076,1909f56bfc062723c751e8b465ee728b)  -> (artifact id: '50d7df71cb4703dcf696454508e48e90') in 0.020823 seconds 
  Import took 0.024239 seconds .

========================================================================
Received Prepare
Registering precompiled user dll's ...
Registered in 0.004316 seconds.
Begin MonoManager ReloadAssembly
Native extension for WindowsStandalone target not found
Refreshing native plugins compatible for Editor in 0.54 ms, found 2 plugins.
Preloading 0 native plugins for Editor in 0.00 ms.
Mono: successfully reloaded assembly
- Completed reload, in  1.623 seconds
Domain Reload Profiling:
	ReloadAssembly (1623ms)
		BeginReloadAssembly (175ms)
			ExecutionOrderSort (0ms)
			DisableScriptedObjects (8ms)
			BackupInstance (0ms)
			ReleaseScriptingObjects (0ms)
			CreateAndSetChildDomain (49ms)
		EndReloadAssembly (1343ms)
			LoadAssemblies (137ms)
			RebuildTransferFunctionScriptingTraits (0ms)
			SetupTypeCache (471ms)
			ReleaseScriptCaches (1ms)
			RebuildScriptCaches (63ms)
			SetupLoadedEditorAssemblies (490ms)
				LogAssemblyErrors (0ms)
				InitializePlatformSupportModulesInManaged (9ms)
				SetLoadedEditorAssemblies (1ms)
				RefreshPlugins (1ms)
				BeforeProcessingInitializeOnLoad (147ms)
				ProcessInitializeOnLoadAttributes (311ms)
				ProcessInitializeOnLoadMethodAttributes (10ms)
				AfterProcessingInitializeOnLoad (11ms)
				EditorAssembliesLoaded (0ms)
			ExecutionOrderSort2 (0ms)
			AwakeInstancesAfterBackupRestoration (13ms)
Platform modules already initialized, skipping
Refreshing native plugins compatible for Editor in 0.47 ms, found 2 plugins.
Preloading 0 native plugins for Editor in 0.00 ms.
Unloading 1391 Unused Serialized files (Serialized files now loaded: 0)
System memory in use before: 68.0 MB.
System memory in use after: 68.1 MB.

Unloading 11 unused Assets to reduce memory usage. Loaded Objects now: 1874.
Total: 4.434100 ms (FindLiveObjects: 0.253500 ms CreateObjectMapping: 0.080100 ms MarkObjects: 4.071900 ms  DeleteObjects: 0.025900 ms)

AssetImportParameters requested are different than current active one (requested -> active):
  custom:framework-win-MediaFoundation: 216162199b28c13a410421893ffa2e32 -> 
  custom:video-decoder-ogg-theora: a1e56fd34408186e4bbccfd4996cb3dc -> 
  custom:container-muxer-webm: aa71ff27fc2769a1b78a27578f13a17b -> 
  custom:container-demuxer-webm: 4f35f7cbe854078d1ac9338744f61a02 -> 
  custom:container-demuxer-ogg: 62fdf1f143b41e24485cea50d1cbac27 -> 
  custom:video-encoder-webm-vp8: eb34c28f22e8b96e1ab97ce403110664 -> 
  custom:video-decoder-webm-vp8: 9c59270c3fd7afecdb556c50c9e8de78 -> 
  custom:audio-decoder-ogg-vorbis: bf7c407c2cedff20999df2af8eb42d56 -> 
  custom:audio-encoder-webm-vorbis: bf7c407c2cedff20999df2af8eb42d56 -> 
========================================================================
Received Import Request.
  Time since last request: 257.094467 seconds.
  path: Assets/Map/Material
  artifactKey: Guid(b22ef869a825d0743ae6eb656fbbde80) Importer(815301076,1909f56bfc062723c751e8b465ee728b)
Start importing Assets/Map/Material using Guid(b22ef869a825d0743ae6eb656fbbde80) Importer(815301076,1909f56bfc062723c751e8b465ee728b)  -> (artifact id: '0e84fd689e03fd0252cd0b994070dc38') in 0.020874 seconds 
  Import took 0.024160 seconds .

========================================================================
Received Import Request.
  Time since last request: 57.306210 seconds.
  path: Assets/Map/Material/Ball.mat
  artifactKey: Guid(9c200cef09eb0f94c9dfd82856742728) Importer(815301076,1909f56bfc062723c751e8b465ee728b)
Start importing Assets/Map/Material/Ball.mat using Guid(9c200cef09eb0f94c9dfd82856742728) Importer(815301076,1909f56bfc062723c751e8b465ee728b)  -> (artifact id: '93df71e46af95bb5855ce2af6028b823') in 0.093575 seconds 
  Import took 0.097033 seconds .

========================================================================
Received Import Request.
  Time since last request: 6.798031 seconds.
  path: Assets/Map/Material/ColorBall.mat
  artifactKey: Guid(9c200cef09eb0f94c9dfd82856742728) Importer(815301076,1909f56bfc062723c751e8b465ee728b)
Start importing Assets/Map/Material/ColorBall.mat using Guid(9c200cef09eb0f94c9dfd82856742728) Importer(815301076,1909f56bfc062723c751e8b465ee728b)  -> (artifact id: '91f5d0e2828d500882cf47caf6805144') in 0.020863 seconds 
  Import took 0.024209 seconds .

========================================================================
Received Import Request.
  Time since last request: 145.914230 seconds.
  path: Assets/Map/Material/ColorSpanw.mat
  artifactKey: Guid(41894d6e8c2c8694698c14a2f4b255e3) Importer(815301076,1909f56bfc062723c751e8b465ee728b)
Start importing Assets/Map/Material/ColorSpanw.mat using Guid(41894d6e8c2c8694698c14a2f4b255e3) Importer(815301076,1909f56bfc062723c751e8b465ee728b)  -> (artifact id: '340a30dbd35eb1cfc614d5501fa32457') in 0.018923 seconds 
  Import took 0.022986 seconds .

========================================================================
Received Import Request.
  Time since last request: 133.440783 seconds.
  path: Assets/Map/Material/ColorSpanwBegin.mat
  artifactKey: Guid(41894d6e8c2c8694698c14a2f4b255e3) Importer(815301076,1909f56bfc062723c751e8b465ee728b)
Start importing Assets/Map/Material/ColorSpanwBegin.mat using Guid(41894d6e8c2c8694698c14a2f4b255e3) Importer(815301076,1909f56bfc062723c751e8b465ee728b)  -> (artifact id: '5b514f51af240117fb8a79226a6cf187') in 0.020247 seconds 
  Import took 0.023655 seconds .

========================================================================
Received Import Request.
  Time since last request: 14.165360 seconds.
  path: Assets/Map/Material/ColorSpanwEnd.mat
  artifactKey: Guid(46e2f4a165da3a146bc8af6918bb1102) Importer(815301076,1909f56bfc062723c751e8b465ee728b)
Start importing Assets/Map/Material/ColorSpanwEnd.mat using Guid(46e2f4a165da3a146bc8af6918bb1102) Importer(815301076,1909f56bfc062723c751e8b465ee728b)  -> (artifact id: '7d53aa2dd49b149023ae967879daa6f3') in 0.021741 seconds 
  Import took 0.025138 seconds .

========================================================================
Received Import Request.
  Time since last request: 246.190266 seconds.
  path: Assets/Map/Material/DeadSpawn.mat
  artifactKey: Guid(a7b00b7653ead5b49a1770e553443c64) Importer(815301076,1909f56bfc062723c751e8b465ee728b)
Start importing Assets/Map/Material/DeadSpawn.mat using Guid(a7b00b7653ead5b49a1770e553443c64) Importer(815301076,1909f56bfc062723c751e8b465ee728b)  -> (artifact id: 'c0f0186b8706f64b2a3401c54e674a46') in 0.020907 seconds 
  Import took 0.025091 seconds .

========================================================================
Received Prepare
Registering precompiled user dll's ...
Registered in 0.005184 seconds.
Begin MonoManager ReloadAssembly
Native extension for WindowsStandalone target not found
Refreshing native plugins compatible for Editor in 0.41 ms, found 2 plugins.
Preloading 0 native plugins for Editor in 0.00 ms.
Mono: successfully reloaded assembly
- Completed reload, in  1.625 seconds
Domain Reload Profiling:
	ReloadAssembly (1626ms)
		BeginReloadAssembly (174ms)
			ExecutionOrderSort (0ms)
			DisableScriptedObjects (7ms)
			BackupInstance (0ms)
			ReleaseScriptingObjects (0ms)
			CreateAndSetChildDomain (55ms)
		EndReloadAssembly (1338ms)
			LoadAssemblies (145ms)
			RebuildTransferFunctionScriptingTraits (0ms)
			SetupTypeCache (462ms)
			ReleaseScriptCaches (1ms)
			RebuildScriptCaches (65ms)
			SetupLoadedEditorAssemblies (480ms)
				LogAssemblyErrors (0ms)
				InitializePlatformSupportModulesInManaged (8ms)
				SetLoadedEditorAssemblies (1ms)
				RefreshPlugins (1ms)
				BeforeProcessingInitializeOnLoad (145ms)
				ProcessInitializeOnLoadAttributes (305ms)
				ProcessInitializeOnLoadMethodAttributes (9ms)
				AfterProcessingInitializeOnLoad (12ms)
				EditorAssembliesLoaded (0ms)
			ExecutionOrderSort2 (0ms)
			AwakeInstancesAfterBackupRestoration (12ms)
Platform modules already initialized, skipping
Refreshing native plugins compatible for Editor in 0.42 ms, found 2 plugins.
Preloading 0 native plugins for Editor in 0.00 ms.
Unloading 1391 Unused Serialized files (Serialized files now loaded: 0)
System memory in use before: 68.1 MB.
System memory in use after: 68.2 MB.

Unloading 11 unused Assets to reduce memory usage. Loaded Objects now: 1877.
Total: 4.316500 ms (FindLiveObjects: 0.209600 ms CreateObjectMapping: 0.072700 ms MarkObjects: 4.003600 ms  DeleteObjects: 0.028400 ms)

AssetImportParameters requested are different than current active one (requested -> active):
  custom:framework-win-MediaFoundation: 216162199b28c13a410421893ffa2e32 -> 
  custom:video-decoder-ogg-theora: a1e56fd34408186e4bbccfd4996cb3dc -> 
  custom:container-muxer-webm: aa71ff27fc2769a1b78a27578f13a17b -> 
  custom:container-demuxer-webm: 4f35f7cbe854078d1ac9338744f61a02 -> 
  custom:container-demuxer-ogg: 62fdf1f143b41e24485cea50d1cbac27 -> 
  custom:video-encoder-webm-vp8: eb34c28f22e8b96e1ab97ce403110664 -> 
  custom:video-decoder-webm-vp8: 9c59270c3fd7afecdb556c50c9e8de78 -> 
  custom:audio-decoder-ogg-vorbis: bf7c407c2cedff20999df2af8eb42d56 -> 
  custom:audio-encoder-webm-vorbis: bf7c407c2cedff20999df2af8eb42d56 -> 
========================================================================
Received Prepare
Registering precompiled user dll's ...
Registered in 0.004191 seconds.
Begin MonoManager ReloadAssembly
Native extension for WindowsStandalone target not found
Refreshing native plugins compatible for Editor in 0.42 ms, found 2 plugins.
Preloading 0 native plugins for Editor in 0.00 ms.
Mono: successfully reloaded assembly
- Completed reload, in  1.550 seconds
Domain Reload Profiling:
	ReloadAssembly (1550ms)
		BeginReloadAssembly (158ms)
			ExecutionOrderSort (0ms)
			DisableScriptedObjects (8ms)
			BackupInstance (0ms)
			ReleaseScriptingObjects (0ms)
			CreateAndSetChildDomain (47ms)
		EndReloadAssembly (1280ms)
			LoadAssemblies (132ms)
			RebuildTransferFunctionScriptingTraits (0ms)
			SetupTypeCache (439ms)
			ReleaseScriptCaches (1ms)
			RebuildScriptCaches (65ms)
			SetupLoadedEditorAssemblies (464ms)
				LogAssemblyErrors (0ms)
				InitializePlatformSupportModulesInManaged (10ms)
				SetLoadedEditorAssemblies (1ms)
				RefreshPlugins (1ms)
				BeforeProcessingInitializeOnLoad (138ms)
				ProcessInitializeOnLoadAttributes (297ms)
				ProcessInitializeOnLoadMethodAttributes (7ms)
				AfterProcessingInitializeOnLoad (11ms)
				EditorAssembliesLoaded (0ms)
			ExecutionOrderSort2 (0ms)
			AwakeInstancesAfterBackupRestoration (11ms)
Platform modules already initialized, skipping
Refreshing native plugins compatible for Editor in 0.42 ms, found 2 plugins.
Preloading 0 native plugins for Editor in 0.00 ms.
Unloading 1391 Unused Serialized files (Serialized files now loaded: 0)
System memory in use before: 68.1 MB.
System memory in use after: 68.2 MB.

Unloading 11 unused Assets to reduce memory usage. Loaded Objects now: 1879.
Total: 4.212100 ms (FindLiveObjects: 0.196500 ms CreateObjectMapping: 0.066900 ms MarkObjects: 3.924500 ms  DeleteObjects: 0.022700 ms)

AssetImportParameters requested are different than current active one (requested -> active):
  custom:framework-win-MediaFoundation: 216162199b28c13a410421893ffa2e32 -> 
  custom:video-decoder-ogg-theora: a1e56fd34408186e4bbccfd4996cb3dc -> 
  custom:container-muxer-webm: aa71ff27fc2769a1b78a27578f13a17b -> 
  custom:container-demuxer-webm: 4f35f7cbe854078d1ac9338744f61a02 -> 
  custom:container-demuxer-ogg: 62fdf1f143b41e24485cea50d1cbac27 -> 
  custom:video-encoder-webm-vp8: eb34c28f22e8b96e1ab97ce403110664 -> 
  custom:video-decoder-webm-vp8: 9c59270c3fd7afecdb556c50c9e8de78 -> 
  custom:audio-decoder-ogg-vorbis: bf7c407c2cedff20999df2af8eb42d56 -> 
  custom:audio-encoder-webm-vorbis: bf7c407c2cedff20999df2af8eb42d56 -> 
